Info: New bank created
Info: New customer created: {"Id":0,"Name":"User1","PhoneNumber":"123456","Birthday":"2000-10-10T00:00:00"}
Info: New customer created: {"Id":1,"Name":"User2","PhoneNumber":"987654","Birthday":"2010-10-10T00:00:00"}
Info: New CurrentAccount created {"BankCards":[],"AccountNumber":"7618627171","Balance":0,"Customers":[]}
Info: New CurrentAccount created {"BankCards":[],"AccountNumber":"4602675782","Balance":0,"Customers":[]}
Info: Customer added to account: {"AccountNumber":"7618627171","Balance":0,"Customers":[{"Id":0,"Name":"User1","PhoneNumber":"123456","Birthday":"2000-10-10T00:00:00"}]}
Info: Customer added to account: {"AccountNumber":"1238878028","Balance":0,"Customers":[{"Id":0,"Name":"User1","PhoneNumber":"123456","Birthday":"2000-10-10T00:00:00"}]}
Info: Customer added to account: {"AccountNumber":"1238878028","Balance":0,"Customers":[{"Id":0,"Name":"User1","PhoneNumber":"123456","Birthday":"2000-10-10T00:00:00"},{"Id":1,"Name":"User2","PhoneNumber":"987654","Birthday":"2010-10-10T00:00:00"}]}
Info: CurrentAccount number 1234567890 is valid
Error: CurrentAccount number 8888888888 is not valid
Error: CurrentAccount number 12345 is not valid
Info: SavingAccount number 1234567890 is valid
Info: SavingAccount number 8888888888 is valid
Error: SavingAccount number 12345 is not valid
Info: New CreditCard created: {"Balance":0,"CardNumber":"50486660","Customer":{"Id":0,"Name":"User1","PhoneNumber":"123456","Birthday":"2000-10-10T00:00:00"}}
Info: New BankCard created: {"CardNumber":"48169526","Customer":{"Id":0,"Name":"User1","PhoneNumber":"123456","Birthday":"2000-10-10T00:00:00"}}
Info: New BankCard added to account {"BankCards":[{"CardNumber":"48169526","Customer":{"Id":0,"Name":"User1","PhoneNumber":"123456","Birthday":"2000-10-10T00:00:00"}}],"AccountNumber":"7618627171","Balance":0,"Customers":[{"Id":0,"Name":"User1","PhoneNumber":"123456","Birthday":"2000-10-10T00:00:00"}]}
Error: Customer has no access to CurrentAccount, BankCard not added {"Id":1,"Name":"User2","PhoneNumber":"987654","Birthday":"2010-10-10T00:00:00"}
Info: 100 deposited to account {"BankCards":[{"CardNumber":"48169526","Customer":{"Id":0,"Name":"User1","PhoneNumber":"123456","Birthday":"2000-10-10T00:00:00"}}],"AccountNumber":"7618627171","Balance":100,"Customers":[{"Id":0,"Name":"User1","PhoneNumber":"123456","Birthday":"2000-10-10T00:00:00"}]}
Info: 80 widthdrawn from account {"BankCards":[{"CardNumber":"48169526","Customer":{"Id":0,"Name":"User1","PhoneNumber":"123456","Birthday":"2000-10-10T00:00:00"}}],"AccountNumber":"7618627171","Balance":20,"Customers":[{"Id":0,"Name":"User1","PhoneNumber":"123456","Birthday":"2000-10-10T00:00:00"}]}
Error: CurrentAccount cannot be removed when balance is not 0: {"BankCards":[{"CardNumber":"48169526","Customer":{"Id":0,"Name":"User1","PhoneNumber":"123456","Birthday":"2000-10-10T00:00:00"}}],"AccountNumber":"7618627171","Balance":20,"Customers":[{"Id":0,"Name":"User1","PhoneNumber":"123456","Birthday":"2000-10-10T00:00:00"}]}
Error: 30 cannot be widthdrawn from account {"BankCards":[{"CardNumber":"48169526","Customer":{"Id":0,"Name":"User1","PhoneNumber":"123456","Birthday":"2000-10-10T00:00:00"}}],"AccountNumber":"7618627171","Balance":20,"Customers":[{"Id":0,"Name":"User1","PhoneNumber":"123456","Birthday":"2000-10-10T00:00:00"}]}
Info: 20 widthdrawn from account {"BankCards":[{"CardNumber":"48169526","Customer":{"Id":0,"Name":"User1","PhoneNumber":"123456","Birthday":"2000-10-10T00:00:00"}}],"AccountNumber":"7618627171","Balance":0,"Customers":[{"Id":0,"Name":"User1","PhoneNumber":"123456","Birthday":"2000-10-10T00:00:00"}]}
Info: CurrentAccount removed: {"BankCards":[{"CardNumber":"48169526","Customer":{"Id":0,"Name":"User1","PhoneNumber":"123456","Birthday":"2000-10-10T00:00:00"}}],"AccountNumber":"7618627171","Balance":0,"Customers":[{"Id":0,"Name":"User1","PhoneNumber":"123456","Birthday":"2000-10-10T00:00:00"}]}
Error: 20 cannot be widthdrawn from card {"Balance":0,"CardNumber":"50486660","Customer":{"Id":0,"Name":"User1","PhoneNumber":"123456","Birthday":"2000-10-10T00:00:00"}}
Info: New bank created
Info: New customer created: {"Id":0,"Name":"User1","PhoneNumber":"123456","Birthday":"2000-10-10T00:00:00"}
Info: New customer created: {"Id":1,"Name":"User2","PhoneNumber":"987654","Birthday":"2010-10-10T00:00:00"}
Info: New CurrentAccount created {"BankCards":[],"AccountNumber":"5832053436","Balance":0,"Customers":[]}
Info: New CurrentAccount created {"BankCards":[],"AccountNumber":"6514095372","Balance":0,"Customers":[]}
Info: Customer added to account: {"AccountNumber":"5832053436","Balance":0,"Customers":[{"Id":0,"Name":"User1","PhoneNumber":"123456","Birthday":"2000-10-10T00:00:00"}]}
Info: Customer added to account: {"AccountNumber":"1231037560","Balance":0,"Customers":[{"Id":0,"Name":"User1","PhoneNumber":"123456","Birthday":"2000-10-10T00:00:00"}]}
Info: Customer added to account: {"AccountNumber":"1231037560","Balance":0,"Customers":[{"Id":0,"Name":"User1","PhoneNumber":"123456","Birthday":"2000-10-10T00:00:00"},{"Id":1,"Name":"User2","PhoneNumber":"987654","Birthday":"2010-10-10T00:00:00"}]}
Info: CurrentAccount number 1234567890 is valid
Error: CurrentAccount number 8888888888 is not valid
Error: CurrentAccount number 12345 is not valid
Info: SavingAccount number 1234567890 is valid
Info: SavingAccount number 8888888888 is valid
Error: SavingAccount number 12345 is not valid
Info: New CreditCard created: {"Balance":0,"CardNumber":"94227473","Customer":{"Id":0,"Name":"User1","PhoneNumber":"123456","Birthday":"2000-10-10T00:00:00"}}
Info: New BankCard created: {"CardNumber":"70008699","Customer":{"Id":0,"Name":"User1","PhoneNumber":"123456","Birthday":"2000-10-10T00:00:00"}}
Info: New BankCard added to account {"BankCards":[{"CardNumber":"70008699","Customer":{"Id":0,"Name":"User1","PhoneNumber":"123456","Birthday":"2000-10-10T00:00:00"}}],"AccountNumber":"5832053436","Balance":0,"Customers":[{"Id":0,"Name":"User1","PhoneNumber":"123456","Birthday":"2000-10-10T00:00:00"}]}
Error: Customer has no access to CurrentAccount, BankCard not added {"Id":1,"Name":"User2","PhoneNumber":"987654","Birthday":"2010-10-10T00:00:00"}
Info: 100 deposited to account {"BankCards":[{"CardNumber":"70008699","Customer":{"Id":0,"Name":"User1","PhoneNumber":"123456","Birthday":"2000-10-10T00:00:00"}}],"AccountNumber":"5832053436","Balance":100,"Customers":[{"Id":0,"Name":"User1","PhoneNumber":"123456","Birthday":"2000-10-10T00:00:00"}]}
Info: 80 widthdrawn from account {"BankCards":[{"CardNumber":"70008699","Customer":{"Id":0,"Name":"User1","PhoneNumber":"123456","Birthday":"2000-10-10T00:00:00"}}],"AccountNumber":"5832053436","Balance":20,"Customers":[{"Id":0,"Name":"User1","PhoneNumber":"123456","Birthday":"2000-10-10T00:00:00"}]}
Error: CurrentAccount cannot be removed when balance is not 0: {"BankCards":[{"CardNumber":"70008699","Customer":{"Id":0,"Name":"User1","PhoneNumber":"123456","Birthday":"2000-10-10T00:00:00"}}],"AccountNumber":"5832053436","Balance":20,"Customers":[{"Id":0,"Name":"User1","PhoneNumber":"123456","Birthday":"2000-10-10T00:00:00"}]}
Error: 30 cannot be widthdrawn from account {"BankCards":[{"CardNumber":"70008699","Customer":{"Id":0,"Name":"User1","PhoneNumber":"123456","Birthday":"2000-10-10T00:00:00"}}],"AccountNumber":"5832053436","Balance":20,"Customers":[{"Id":0,"Name":"User1","PhoneNumber":"123456","Birthday":"2000-10-10T00:00:00"}]}
Info: 20 widthdrawn from account {"BankCards":[{"CardNumber":"70008699","Customer":{"Id":0,"Name":"User1","PhoneNumber":"123456","Birthday":"2000-10-10T00:00:00"}}],"AccountNumber":"5832053436","Balance":0,"Customers":[{"Id":0,"Name":"User1","PhoneNumber":"123456","Birthday":"2000-10-10T00:00:00"}]}
Info: CurrentAccount removed: {"BankCards":[{"CardNumber":"70008699","Customer":{"Id":0,"Name":"User1","PhoneNumber":"123456","Birthday":"2000-10-10T00:00:00"}}],"AccountNumber":"5832053436","Balance":0,"Customers":[{"Id":0,"Name":"User1","PhoneNumber":"123456","Birthday":"2000-10-10T00:00:00"}]}
Error: 20 cannot be widthdrawn from card {"Balance":0,"CardNumber":"94227473","Customer":{"Id":0,"Name":"User1","PhoneNumber":"123456","Birthday":"2000-10-10T00:00:00"}}
